<?xml version="1.0" encoding="UTF-8"?>
<!-- Generated by org.testng.reporters.JUnitXMLReporter -->
<testsuite hostname="Yzz" name="selenium" tests="2" failures="2" timestamp="2 Feb 2018 03:47:33 GMT" time="0.031" errors="0">
  <testcase name="testAssert" time="0.0" classname="testgroup.testartifact.TestAssert">
    <failure type="java.lang.AssertionError" message="expected [true] but found [false]">
      <![CDATA[java.lang.AssertionError: expected [true] but found [false]
	at testgroup.testartifact.TestAssert.testAssert(TestAssert.java:29)
... Removed 28 stack frames]]>
    </failure>
  </testcase> <!-- testAssert -->
  <testcase name="testAssert" time="0.0" classname="testgroup.testartifact.TestAssert2">
    <failure type="java.lang.AssertionError" message="expected [true] but found [false]">
      <![CDATA[java.lang.AssertionError: expected [true] but found [false]
	at testgroup.testartifact.TestAssert2.testAssert(TestAssert2.java:29)
... Removed 28 stack frames]]>
    </failure>
  </testcase> <!-- testAssert -->
</testsuite> <!-- selenium -->
